<?xml version="1.0" encoding="UTF-8"?>
<!-- Generated by org.testng.reporters.JUnitXMLReporter -->
<testsuite ignored="2" hostname="DESKTOP-IGQOA9E" failures="3" tests="3" name="Open Social Media" time="0.08" errors="0" timestamp="2024-07-20T21:32:20 IST">
  <testcase classname="org.friday.Friday" name="openTwitter" time="0.006">
    <failure type="java.lang.NullPointerException" message="Cannot invoke &amp;quot;org.openqa.selenium.WebDriver.get(String)&amp;quot; because &amp;quot;this.driver&amp;quot; is null">
      <![CDATA[java.lang.NullPointerException: Cannot invoke "org.openqa.selenium.WebDriver.get(String)" because "this.driver" is null
at org.friday.Friday.openTwitter(Friday.java:33)
at java.base/java.util.ArrayList.forEach(ArrayList.java:1511)
... Removed 27 stack frames]]>
    </failure>
  </testcase> <!-- openTwitter -->
  <testcase classname="org.friday.Friday" name="openLinkedIn" time="0.006">
    <failure type="java.lang.NullPointerException" message="Cannot invoke &amp;quot;org.openqa.selenium.WebDriver.get(String)&amp;quot; because &amp;quot;this.driver&amp;quot; is null">
      <![CDATA[java.lang.NullPointerException: Cannot invoke "org.openqa.selenium.WebDriver.get(String)" because "this.driver" is null
at org.friday.Friday.openLinkedIn(Friday.java:48)
at java.base/java.util.ArrayList.forEach(ArrayList.java:1511)
... Removed 27 stack frames]]>
    </failure>
  </testcase> <!-- openLinkedIn -->
  <testcase classname="org.friday.Friday" name="openYouTube" time="0.003">
    <failure type="java.lang.NullPointerException" message="Cannot invoke &amp;quot;org.openqa.selenium.WebDriver.get(String)&amp;quot; because &amp;quot;this.driver&amp;quot; is null">
      <![CDATA[java.lang.NullPointerException: Cannot invoke "org.openqa.selenium.WebDriver.get(String)" because "this.driver" is null
at org.friday.Friday.openYouTube(Friday.java:55)
at java.base/java.util.ArrayList.forEach(ArrayList.java:1511)
... Removed 27 stack frames]]>
    </failure>
  </testcase> <!-- openYouTube -->
  <testcase classname="org.friday.Friday" name="openFacebook" time="0.0">
    <ignored/>
  </testcase> <!-- openFacebook -->
  <testcase classname="org.friday.Friday" name="openInstagram" time="0.0">
    <ignored/>
  </testcase> <!-- openInstagram -->
</testsuite> <!-- Open Social Media -->
