<?xml version="1.0" encoding="UTF-8"?>
<!-- Generated by org.testng.reporters.JUnitXMLReporter -->
<testsuite ignored="0" hostname="DESKTOP-IGQOA9E" failures="0" tests="3" name="linkedin login" time="1.038" errors="0" timestamp="2024-07-20T12:25:15 IST">
  <testcase classname="org.friday.Friday" name="login" time="0.92"/>
  <testcase classname="org.friday.Friday" name="method1" time="0.009"/>
  <testcase classname="org.friday.Friday" name="method2" time="0.003"/>
</testsuite> <!-- linkedin login -->
